2024-04-19 09:19:55.106 [restartedMain] INFO  t.e.t.d.s.SpringProjApplication - Starting SpringProjApplication using Java 21.0.2 with PID 18824 (C:\Users\moham\OneDrive\Desktop\sem8\spring\SpringProj\ASI-II\target\classes started by moham in C:\Users\moham\OneDrive\Desktop\sem8\spring\SpringProj\ASI-II)
2024-04-19 09:19:55.144 [restartedMain] INFO  t.e.t.d.s.SpringProjApplication - No active profile set, falling back to 1 default profile: "default"
2024-04-19 09:19:55.221 [restartedMain] INFO  o.s.b.d.e.DevToolsPropertyDefaultsPostProcessor - Devtools property defaults active! Set 'spring.devtools.add-properties' to 'false' to disable
2024-04-19 09:19:55.222 [restartedMain] INFO  o.s.b.d.e.DevToolsPropertyDefaultsPostProcessor - For additional web related logging consider setting the 'logging.level.web' property to 'DEBUG'
2024-04-19 09:19:57.078 [restartedMain] INFO  o.s.d.r.c.RepositoryConfigurationDelegate - Bootstrapping Spring Data JPA repositories in DEFAULT mode.
2024-04-19 09:19:57.310 [restartedMain] INFO  o.s.d.r.c.RepositoryConfigurationDelegate - Finished Spring Data repository scanning in 193 ms. Found 8 JPA repository interfaces.
2024-04-19 09:19:58.362 [restartedMain] INFO  o.s.b.w.e.tomcat.TomcatWebServer - Tomcat initialized with port 8089 (http)
2024-04-19 09:19:58.417 [restartedMain] INFO  o.a.catalina.core.StandardService - Starting service [Tomcat]
2024-04-19 09:19:58.419 [restartedMain] INFO  o.a.catalina.core.StandardEngine - Starting Servlet engine: [Apache Tomcat/10.1.18]
2024-04-19 09:19:58.574 [restartedMain] INFO  o.a.c.c.C.[.[localhost].[/menu] - Initializing Spring embedded WebApplicationContext
2024-04-19 09:19:58.576 [restartedMain] INFO  o.s.b.w.s.c.ServletWebServerApplicationContext - Root WebApplicationContext: initialization completed in 3352 ms
2024-04-19 09:19:58.745 [restartedMain] INFO  o.h.jpa.internal.util.LogHelper - HHH000204: Processing PersistenceUnitInfo [name: default]
2024-04-19 09:19:58.804 [restartedMain] INFO  org.hibernate.Version - HHH000412: Hibernate ORM core version 6.4.1.Final
2024-04-19 09:19:58.855 [restartedMain] INFO  o.h.c.i.RegionFactoryInitiator - HHH000026: Second-level cache disabled
2024-04-19 09:19:59.090 [restartedMain] INFO  o.s.o.j.p.SpringPersistenceUnitInfo - No LoadTimeWeaver setup: ignoring JPA class transformer
2024-04-19 09:19:59.118 [restartedMain] INFO  com.zaxxer.hikari.HikariDataSource - HikariPool-1 - Starting...
2024-04-19 09:19:59.713 [restartedMain] INFO  com.zaxxer.hikari.pool.HikariPool - HikariPool-1 - Added connection com.mysql.cj.jdbc.ConnectionImpl@40644539
2024-04-19 09:19:59.716 [restartedMain] INFO  com.zaxxer.hikari.HikariDataSource - HikariPool-1 - Start completed.
2024-04-19 09:19:59.793 [restartedMain] WARN  org.hibernate.dialect.Dialect - HHH000511: The 5.7.24 version for [org.hibernate.dialect.MySQLDialect] is no longer supported, hence certain features may not work properly. The minimum supported version is 8.0.0. Check the community dialects project for available legacy versions.
2024-04-19 09:20:01.912 [restartedMain] INFO  o.h.e.t.j.p.i.JtaPlatformInitiator - HHH000489: No JTA platform available (set 'hibernate.transaction.jta.platform' to enable JTA platform integration)
2024-04-19 09:20:02.167 [restartedMain] INFO  o.s.o.j.LocalContainerEntityManagerFactoryBean - Initialized JPA EntityManagerFactory for persistence unit 'default'
2024-04-19 09:20:02.980 [restartedMain] INFO  o.s.d.j.r.query.QueryEnhancerFactory - Hibernate is in classpath; If applicable, HQL parser will be used.
2024-04-19 09:20:04.316 [restartedMain] WARN  o.s.b.a.o.j.JpaBaseConfiguration$JpaWebConfiguration - spring.jpa.open-in-view is enabled by default. Therefore, database queries may be performed during view rendering. Explicitly configure spring.jpa.open-in-view to disable this warning
2024-04-19 09:20:05.208 [restartedMain] INFO  o.s.b.d.a.OptionalLiveReloadServer - LiveReload server is running on port 35729
2024-04-19 09:20:05.281 [restartedMain] INFO  o.s.b.w.e.tomcat.TomcatWebServer - Tomcat started on port 8089 (http) with context path '/menu'
2024-04-19 09:20:05.297 [restartedMain] INFO  t.e.t.d.s.SpringProjApplication - Started SpringProjApplication in 10.889 seconds (process running for 11.869)
2024-04-19 09:20:56.151 [SpringApplicationShutdownHook] INFO  o.s.o.j.LocalContainerEntityManagerFactoryBean - Closing JPA EntityManagerFactory for persistence unit 'default'
2024-04-19 09:20:56.157 [SpringApplicationShutdownHook] INFO  com.zaxxer.hikari.HikariDataSource - HikariPool-1 - Shutdown initiated...
2024-04-19 09:20:56.170 [SpringApplicationShutdownHook] INFO  com.zaxxer.hikari.HikariDataSource - HikariPool-1 - Shutdown completed.
2024-04-19 10:30:49.377 [restartedMain] INFO  t.e.t.d.s.SpringProjApplication - Starting SpringProjApplication using Java 21.0.2 with PID 14564 (C:\Users\moham\OneDrive\Desktop\sem8\spring\Spring4DS3\target\classes started by moham in C:\Users\moham\OneDrive\Desktop\sem8\spring\Spring4DS3)
2024-04-19 10:30:49.379 [restartedMain] INFO  t.e.t.d.s.SpringProjApplication - No active profile set, falling back to 1 default profile: "default"
2024-04-19 10:30:49.416 [restartedMain] INFO  o.s.b.d.e.DevToolsPropertyDefaultsPostProcessor - Devtools property defaults active! Set 'spring.devtools.add-properties' to 'false' to disable
2024-04-19 10:30:49.416 [restartedMain] INFO  o.s.b.d.e.DevToolsPropertyDefaultsPostProcessor - For additional web related logging consider setting the 'logging.level.web' property to 'DEBUG'
2024-04-19 10:30:50.130 [restartedMain] INFO  o.s.d.r.c.RepositoryConfigurationDelegate - Bootstrapping Spring Data JPA repositories in DEFAULT mode.
2024-04-19 10:30:50.206 [restartedMain] INFO  o.s.d.r.c.RepositoryConfigurationDelegate - Finished Spring Data repository scanning in 67 ms. Found 8 JPA repository interfaces.
2024-04-19 10:30:50.759 [restartedMain] INFO  o.s.b.w.e.tomcat.TomcatWebServer - Tomcat initialized with port 8089 (http)
2024-04-19 10:30:50.769 [restartedMain] INFO  o.a.catalina.core.StandardService - Starting service [Tomcat]
2024-04-19 10:30:50.769 [restartedMain] INFO  o.a.catalina.core.StandardEngine - Starting Servlet engine: [Apache Tomcat/10.1.18]
2024-04-19 10:30:50.816 [restartedMain] INFO  o.a.c.c.C.[.[localhost].[/menu] - Initializing Spring embedded WebApplicationContext
2024-04-19 10:30:50.817 [restartedMain] INFO  o.s.b.w.s.c.ServletWebServerApplicationContext - Root WebApplicationContext: initialization completed in 1401 ms
2024-04-19 10:30:50.954 [restartedMain] INFO  o.h.jpa.internal.util.LogHelper - HHH000204: Processing PersistenceUnitInfo [name: default]
2024-04-19 10:30:51.007 [restartedMain] INFO  org.hibernate.Version - HHH000412: Hibernate ORM core version 6.4.1.Final
2024-04-19 10:30:51.037 [restartedMain] INFO  o.h.c.i.RegionFactoryInitiator - HHH000026: Second-level cache disabled
2024-04-19 10:30:51.265 [restartedMain] INFO  o.s.o.j.p.SpringPersistenceUnitInfo - No LoadTimeWeaver setup: ignoring JPA class transformer
2024-04-19 10:30:51.289 [restartedMain] INFO  com.zaxxer.hikari.HikariDataSource - HikariPool-1 - Starting...
2024-04-19 10:30:51.420 [restartedMain] INFO  com.zaxxer.hikari.pool.HikariPool - HikariPool-1 - Added connection com.mysql.cj.jdbc.ConnectionImpl@349c10da
2024-04-19 10:30:51.422 [restartedMain] INFO  com.zaxxer.hikari.HikariDataSource - HikariPool-1 - Start completed.
2024-04-19 10:30:51.465 [restartedMain] WARN  org.hibernate.dialect.Dialect - HHH000511: The 5.7.24 version for [org.hibernate.dialect.MySQLDialect] is no longer supported, hence certain features may not work properly. The minimum supported version is 8.0.0. Check the community dialects project for available legacy versions.
2024-04-19 10:30:52.493 [restartedMain] INFO  o.h.e.t.j.p.i.JtaPlatformInitiator - HHH000489: No JTA platform available (set 'hibernate.transaction.jta.platform' to enable JTA platform integration)
2024-04-19 10:30:52.600 [restartedMain] INFO  o.s.o.j.LocalContainerEntityManagerFactoryBean - Initialized JPA EntityManagerFactory for persistence unit 'default'
2024-04-19 10:30:53.009 [restartedMain] INFO  o.s.d.j.r.query.QueryEnhancerFactory - Hibernate is in classpath; If applicable, HQL parser will be used.
2024-04-19 10:30:53.639 [restartedMain] WARN  o.s.b.a.o.j.JpaBaseConfiguration$JpaWebConfiguration - spring.jpa.open-in-view is enabled by default. Therefore, database queries may be performed during view rendering. Explicitly configure spring.jpa.open-in-view to disable this warning
2024-04-19 10:30:54.231 [restartedMain] INFO  o.s.b.d.a.OptionalLiveReloadServer - LiveReload server is running on port 35729
2024-04-19 10:30:54.276 [restartedMain] INFO  o.s.b.w.e.tomcat.TomcatWebServer - Tomcat started on port 8089 (http) with context path '/menu'
2024-04-19 10:30:54.293 [restartedMain] INFO  t.e.t.d.s.SpringProjApplication - Started SpringProjApplication in 5.242 seconds (process running for 5.912)
2024-04-19 10:30:54.411 [scheduling-1] INFO  t.e.t.d.s.services.CommandeService - ceci tous les commandes
2024-04-19 10:30:59.301 [scheduling-1] INFO  t.e.t.d.s.services.CommandeService - ceci tous les commandes
2024-04-19 10:31:04.314 [scheduling-1] INFO  t.e.t.d.s.services.CommandeService - ceci tous les commandes
2024-04-19 10:31:09.321 [scheduling-1] INFO  t.e.t.d.s.services.CommandeService - ceci tous les commandes
2024-04-19 10:31:14.320 [scheduling-1] INFO  t.e.t.d.s.services.CommandeService - ceci tous les commandes
2024-04-19 10:31:19.326 [scheduling-1] INFO  t.e.t.d.s.services.CommandeService - ceci tous les commandes
2024-04-19 10:31:24.032 [SpringApplicationShutdownHook] INFO  o.s.o.j.LocalContainerEntityManagerFactoryBean - Closing JPA EntityManagerFactory for persistence unit 'default'
2024-04-19 10:31:24.036 [SpringApplicationShutdownHook] INFO  com.zaxxer.hikari.HikariDataSource - HikariPool-1 - Shutdown initiated...
2024-04-19 10:31:24.044 [SpringApplicationShutdownHook] INFO  com.zaxxer.hikari.HikariDataSource - HikariPool-1 - Shutdown completed.
2024-04-19 10:40:03.224 [restartedMain] INFO  t.e.t.d.s.SpringProjApplication - Starting SpringProjApplication using Java 21.0.2 with PID 21036 (C:\Users\moham\OneDrive\Desktop\sem8\spring\Spring4DS3\target\classes started by moham in C:\Users\moham\OneDrive\Desktop\sem8\spring\Spring4DS3)
2024-04-19 10:40:03.227 [restartedMain] INFO  t.e.t.d.s.SpringProjApplication - No active profile set, falling back to 1 default profile: "default"
2024-04-19 10:40:03.282 [restartedMain] INFO  o.s.b.d.e.DevToolsPropertyDefaultsPostProcessor - Devtools property defaults active! Set 'spring.devtools.add-properties' to 'false' to disable
2024-04-19 10:40:03.282 [restartedMain] INFO  o.s.b.d.e.DevToolsPropertyDefaultsPostProcessor - For additional web related logging consider setting the 'logging.level.web' property to 'DEBUG'
2024-04-19 10:40:05.040 [restartedMain] INFO  o.s.d.r.c.RepositoryConfigurationDelegate - Bootstrapping Spring Data JPA repositories in DEFAULT mode.
2024-04-19 10:40:05.336 [restartedMain] INFO  o.s.d.r.c.RepositoryConfigurationDelegate - Finished Spring Data repository scanning in 283 ms. Found 8 JPA repository interfaces.
2024-04-19 10:40:06.941 [restartedMain] INFO  o.s.b.w.e.tomcat.TomcatWebServer - Tomcat initialized with port 8089 (http)
2024-04-19 10:40:06.956 [restartedMain] INFO  o.a.catalina.core.StandardService - Starting service [Tomcat]
2024-04-19 10:40:06.956 [restartedMain] INFO  o.a.catalina.core.StandardEngine - Starting Servlet engine: [Apache Tomcat/10.1.18]
2024-04-19 10:40:07.084 [restartedMain] INFO  o.a.c.c.C.[.[localhost].[/menu] - Initializing Spring embedded WebApplicationContext
2024-04-19 10:40:07.085 [restartedMain] INFO  o.s.b.w.s.c.ServletWebServerApplicationContext - Root WebApplicationContext: initialization completed in 3800 ms
2024-04-19 10:40:07.281 [restartedMain] INFO  o.h.jpa.internal.util.LogHelper - HHH000204: Processing PersistenceUnitInfo [name: default]
2024-04-19 10:40:07.450 [restartedMain] INFO  org.hibernate.Version - HHH000412: Hibernate ORM core version 6.4.1.Final
2024-04-19 10:40:07.517 [restartedMain] INFO  o.h.c.i.RegionFactoryInitiator - HHH000026: Second-level cache disabled
2024-04-19 10:40:07.787 [restartedMain] INFO  o.s.o.j.p.SpringPersistenceUnitInfo - No LoadTimeWeaver setup: ignoring JPA class transformer
2024-04-19 10:40:07.837 [restartedMain] INFO  com.zaxxer.hikari.HikariDataSource - HikariPool-1 - Starting...
2024-04-19 10:40:08.069 [restartedMain] INFO  com.zaxxer.hikari.pool.HikariPool - HikariPool-1 - Added connection com.mysql.cj.jdbc.ConnectionImpl@7df1cc7c
2024-04-19 10:40:08.071 [restartedMain] INFO  com.zaxxer.hikari.HikariDataSource - HikariPool-1 - Start completed.
2024-04-19 10:40:08.161 [restartedMain] WARN  org.hibernate.dialect.Dialect - HHH000511: The 5.7.24 version for [org.hibernate.dialect.MySQLDialect] is no longer supported, hence certain features may not work properly. The minimum supported version is 8.0.0. Check the community dialects project for available legacy versions.
2024-04-19 10:40:10.207 [restartedMain] INFO  o.h.e.t.j.p.i.JtaPlatformInitiator - HHH000489: No JTA platform available (set 'hibernate.transaction.jta.platform' to enable JTA platform integration)
2024-04-19 10:40:10.326 [restartedMain] INFO  o.s.o.j.LocalContainerEntityManagerFactoryBean - Initialized JPA EntityManagerFactory for persistence unit 'default'
2024-04-19 10:40:10.954 [restartedMain] INFO  o.s.d.j.r.query.QueryEnhancerFactory - Hibernate is in classpath; If applicable, HQL parser will be used.
2024-04-19 10:40:11.828 [restartedMain] WARN  o.s.b.a.o.j.JpaBaseConfiguration$JpaWebConfiguration - spring.jpa.open-in-view is enabled by default. Therefore, database queries may be performed during view rendering. Explicitly configure spring.jpa.open-in-view to disable this warning
2024-04-19 10:40:12.465 [restartedMain] INFO  o.s.b.d.a.OptionalLiveReloadServer - LiveReload server is running on port 35729
2024-04-19 10:40:12.542 [restartedMain] INFO  o.s.b.w.e.tomcat.TomcatWebServer - Tomcat started on port 8089 (http) with context path '/menu'
2024-04-19 10:40:12.562 [restartedMain] INFO  t.e.t.d.s.SpringProjApplication - Started SpringProjApplication in 9.779 seconds (process running for 10.614)
2024-04-19 10:40:12.688 [scheduling-1] INFO  t.e.t.d.s.services.CommandeService - ceci tous les commandes
2024-04-19 10:40:17.596 [scheduling-1] INFO  t.e.t.d.s.services.CommandeService - ceci tous les commandes
2024-04-19 10:40:22.587 [scheduling-1] INFO  t.e.t.d.s.services.CommandeService - ceci tous les commandes
2024-04-19 10:40:27.586 [scheduling-1] INFO  t.e.t.d.s.services.CommandeService - ceci tous les commandes
2024-04-19 10:40:32.593 [scheduling-1] INFO  t.e.t.d.s.services.CommandeService - ceci tous les commandes
2024-04-19 10:40:36.443 [SpringApplicationShutdownHook] INFO  o.s.o.j.LocalContainerEntityManagerFactoryBean - Closing JPA EntityManagerFactory for persistence unit 'default'
2024-04-19 10:40:36.446 [SpringApplicationShutdownHook] INFO  com.zaxxer.hikari.HikariDataSource - HikariPool-1 - Shutdown initiated...
2024-04-19 10:40:36.455 [SpringApplicationShutdownHook] INFO  com.zaxxer.hikari.HikariDataSource - HikariPool-1 - Shutdown completed.
